<?xml version="1.0" encoding="UTF-8"?>
<testsuite name="SolutionTest" tests="4" skipped="0" failures="0" errors="0" timestamp="2026-01-04T14:17:32.202Z" hostname="Maciejs-MacBook-Pro.local" time="0.009">
  <properties/>
  <testcase name="test1()" classname="SolutionTest" time="0.006"/>
  <testcase name="test2()" classname="SolutionTest" time="0.001"/>
  <testcase name="test3()" classname="SolutionTest" time="0.0"/>
  <testcase name="test4()" classname="SolutionTest" time="0.001"/>
  <system-out><![CDATA[]]></system-out>
  <system-err><![CDATA[]]></system-err>
</testsuite>
